<?xml version="1.0" encoding="UTF-8"?>
<!-- Generated by org.testng.reporters.JUnitXMLReporter -->
<testsuite hostname="user-PC" ignored="0" name="Default test" tests="1" failures="1" timestamp="30 Apr 2018 09:29:59 GMT" time="35.323" errors="0">
  <testcase name="testACBTApplication" time="35.302" classname="com.mya.scripts.SubmitACBTApplication">
    <failure type="org.openqa.selenium.WebDriverException" message="unknown error: Element &amp;lt;input class=&amp;quot;button saveButton submitBtn disableBtn&amp;quot; id=&amp;quot;pg:frm:SiteTemplate:submitBtn&amp;quot; name=&amp;quot;pg:frm:SiteTemplate:submitBtn&amp;quot; onclick=&amp;quot;return A4J.AJAX.Submit(&amp;apos;pg:frm&amp;apos;,event,{&amp;apos;similarityGroupingId&amp;apos;:&amp;apos;pg:frm:SiteTemplate:submitBtn&amp;apos;,&amp;apos;html5Validate&amp;apos;:true,&amp;apos;oncomplete&amp;apos;:function(request,event,data){showSucessPan();},&amp;apos;parameters&amp;apos;:{&amp;apos;pg:frm:SiteTemplate:submitBtn&amp;apos;:&amp;apos;pg:frm:SiteTemplate:submitBtn&amp;apos;} ,&amp;apos;status&amp;apos;:&amp;apos;pg:frm:SiteTemplate:j_id21:headerComponent:status&amp;apos;} );&amp;quot; value=&amp;quot;Save Image and Complete Payment&amp;quot; type=&amp;quot;submit&amp;quot; disabled=&amp;quot;disabled&amp;quot;&amp;gt; is not clickable at point (674, 302). Other element would receive the click: &amp;lt;iframe title=&amp;quot;recaptcha challenge&amp;quot; src=&amp;quot;https://www.google.com/recaptcha/api2/bframe?hl=en&amp;amp;amp;v=v1524685466525&amp;amp;amp;k=6LcP1SgUAAAAACYkTKF35myW9177hUsilsAt9_O6&amp;amp;amp;cb=9bx0fg53aqu8#iizhksi86n4m&amp;quot; frameborder=&amp;quot;0&amp;quot; scrolling=&amp;quot;no&amp;quot; sandbox=&amp;quot;allow-forms allow-popups allow-same-origin allow-scripts allow-top-navigation allow-modals allow-popups-to-escape-sandbox&amp;quot; name=&amp;quot;iizhksi86n4m&amp;quot; style=&amp;quot;width: 400px; height: 580px;&amp;quot;&amp;gt;&amp;lt;/iframe&amp;gt;
  (Session info: chrome=66.0.3359.139)
  (Driver info: chromedriver=2.36.540470 (e522d04694c7ebea4ba8821272dbef4f9b818c91),platform=Windows NT 6.1.7601 SP1 x86_64) (WARNING: The server did not provide any stacktrace information)
Command duration or timeout: 45 milliseconds
Build info: version: &amp;apos;3.0.1&amp;apos;, revision: &amp;apos;1969d75&amp;apos;, time: &amp;apos;2016-10-18 09:48:19 -0700&amp;apos;
System info: host: &amp;apos;user-PC&amp;apos;, ip: &amp;apos;169.254.41.90&amp;apos;, os.name: &amp;apos;Windows 7&amp;apos;, os.arch: &amp;apos;amd64&amp;apos;, os.version: &amp;apos;6.1&amp;apos;, java.version: &amp;apos;1.8.0_144&amp;apos;
Driver info: org.openqa.selenium.chrome.ChromeDriver
Capabilities [{applicationCacheEnabled=false, rotatable=false, mobileEmulationEnabled=false, networkConnectionEnabled=false, chrome={chromedriverVersion=2.36.540470 (e522d04694c7ebea4ba8821272dbef4f9b818c91), userDataDir=C:\Users\user\AppData\Local\Temp\scoped_dir6192_28680}, takesHeapSnapshot=true, pageLoadStrategy=normal, databaseEnabled=false, handlesAlerts=true, hasTouchScreen=false, version=66.0.3359.139, platform=XP, browserConnectionEnabled=false, nativeEvents=true, acceptSslCerts=false, acceptInsecureCerts=false, locationContextEnabled=true, webStorageEnabled=true, browserName=chrome, takesScreenshot=true, javascriptEnabled=true, cssSelectorsEnabled=true, setWindowRect=true, unexpectedAlertBehaviour=}]
Session ID: 35e02025510fd1f1e267c5d7818c2bd6">
      <![CDATA[org.openqa.selenium.WebDriverException: unknown error: Element <input class="button saveButton submitBtn disableBtn" id="pg:frm:SiteTemplate:submitBtn" name="pg:frm:SiteTemplate:submitBtn" onclick="return A4J.AJAX.Submit('pg:frm',event,{'similarityGroupingId':'pg:frm:SiteTemplate:submitBtn','html5Validate':true,'oncomplete':function(request,event,data){showSucessPan();},'parameters':{'pg:frm:SiteTemplate:submitBtn':'pg:frm:SiteTemplate:submitBtn'} ,'status':'pg:frm:SiteTemplate:j_id21:headerComponent:status'} );" value="Save Image and Complete Payment" type="submit" disabled="disabled"> is not clickable at point (674, 302). Other element would receive the click: <iframe title="recaptcha challenge" src="https://www.google.com/recaptcha/api2/bframe?hl=en&amp;v=v1524685466525&amp;k=6LcP1SgUAAAAACYkTKF35myW9177hUsilsAt9_O6&amp;cb=9bx0fg53aqu8#iizhksi86n4m" frameborder="0" scrolling="no" sandbox="allow-forms allow-popups allow-same-origin allow-scripts allow-top-navigation allow-modals allow-popups-to-escape-sandbox" name="iizhksi86n4m" style="width: 400px; height: 580px;"></iframe>
  (Session info: chrome=66.0.3359.139)
  (Driver info: chromedriver=2.36.540470 (e522d04694c7ebea4ba8821272dbef4f9b818c91),platform=Windows NT 6.1.7601 SP1 x86_64) (WARNING: The server did not provide any stacktrace information)
Command duration or timeout: 45 milliseconds
Build info: version: '3.0.1', revision: '1969d75', time: '2016-10-18 09:48:19 -0700'
System info: host: 'user-PC', ip: '169.254.41.90', os.name: 'Windows 7', os.arch: 'amd64', os.version: '6.1', java.version: '1.8.0_144'
Driver info: org.openqa.selenium.chrome.ChromeDriver
Capabilities [{applicationCacheEnabled=false, rotatable=false, mobileEmulationEnabled=false, networkConnectionEnabled=false, chrome={chromedriverVersion=2.36.540470 (e522d04694c7ebea4ba8821272dbef4f9b818c91), userDataDir=C:\Users\user\AppData\Local\Temp\scoped_dir6192_28680}, takesHeapSnapshot=true, pageLoadStrategy=normal, databaseEnabled=false, handlesAlerts=true, hasTouchScreen=false, version=66.0.3359.139, platform=XP, browserConnectionEnabled=false, nativeEvents=true, acceptSslCerts=false, acceptInsecureCerts=false, locationContextEnabled=true, webStorageEnabled=true, browserName=chrome, takesScreenshot=true, javascriptEnabled=true, cssSelectorsEnabled=true, setWindowRect=true, unexpectedAlertBehaviour=}]
Session ID: 35e02025510fd1f1e267c5d7818c2bd6
	at sun.reflect.NativeConstructorAccessorImpl.newInstance0(Native Method)
	at sun.reflect.NativeConstructorAccessorImpl.newInstance(Unknown Source)
	at sun.reflect.DelegatingConstructorAccessorImpl.newInstance(Unknown Source)
	at java.lang.reflect.Constructor.newInstance(Unknown Source)
	at org.openqa.selenium.remote.ErrorHandler.createThrowable(ErrorHandler.java:216)
	at org.openqa.selenium.remote.ErrorHandler.throwIfResponseFailed(ErrorHandler.java:168)
	at org.openqa.selenium.remote.RemoteWebDriver.execute(RemoteWebDriver.java:635)
	at org.openqa.selenium.remote.RemoteWebElement.execute(RemoteWebElement.java:274)
	at org.openqa.selenium.remote.RemoteWebElement.click(RemoteWebElement.java:84)
	at com.mya.util.DriverHelper.clickOn(DriverHelper.java:89)
	at com.mya.pagehelper.ACBTApplicationHelper.ClickItem(ACBTApplicationHelper.java:217)
	at com.mya.scripts.SubmitACBTApplication.testACBTApplication(SubmitACBTApplication.java:159)
	at sun.reflect.NativeMethodAccessorImpl.invoke0(Native Method)
	at sun.reflect.NativeMethodAccessorImpl.invoke(Unknown Source)
	at sun.reflect.DelegatingMethodAccessorImpl.invoke(Unknown Source)
	at java.lang.reflect.Method.invoke(Unknown Source)
	at org.testng.internal.MethodInvocationHelper.invokeMethod(MethodInvocationHelper.java:104)
	at org.testng.internal.Invoker.invokeMethod(Invoker.java:645)
	at org.testng.internal.Invoker.invokeTestMethod(Invoker.java:851)
	at org.testng.internal.Invoker.invokeTestMethods(Invoker.java:1177)
	at org.testng.internal.TestMethodWorker.invokeTestMethods(TestMethodWorker.java:129)
	at org.testng.internal.TestMethodWorker.run(TestMethodWorker.java:112)
	at org.testng.TestRunner.privateRun(TestRunner.java:756)
	at org.testng.TestRunner.run(TestRunner.java:610)
	at org.testng.SuiteRunner.runTest(SuiteRunner.java:387)
	at org.testng.SuiteRunner.runSequentially(SuiteRunner.java:382)
	at org.testng.SuiteRunner.privateRun(SuiteRunner.java:340)
	at org.testng.SuiteRunner.run(SuiteRunner.java:289)
	at org.testng.SuiteRunnerWorker.runSuite(SuiteRunnerWorker.java:52)
	at org.testng.SuiteRunnerWorker.run(SuiteRunnerWorker.java:86)
	at org.testng.TestNG.runSuitesSequentially(TestNG.java:1293)
	at org.testng.TestNG.runSuitesLocally(TestNG.java:1218)
	at org.testng.TestNG.runSuites(TestNG.java:1133)
	at org.testng.TestNG.run(TestNG.java:1104)
	at org.testng.remote.AbstractRemoteTestNG.run(AbstractRemoteTestNG.java:132)
	at org.testng.remote.RemoteTestNG.initAndRun(RemoteTestNG.java:236)
	at org.testng.remote.RemoteTestNG.main(RemoteTestNG.java:81)
]]>
    </failure>
  </testcase> <!-- testACBTApplication -->
</testsuite> <!-- Default test -->
